#
# A fatal error has been detected by the Java Runtime Environment:
#
#  EXCEPTION_ACCESS_VIOLATION (0xc0000005) at pc=0x00007ffa07345190, pid=22880, tid=4092
#
# JRE version: OpenJDK Runtime Environment (17.0+35) (build 17+35-2724)
# Java VM: OpenJDK 64-Bit Server VM (17+35-2724, mixed mode, sharing, tiered, compressed oops, compressed class ptrs, g1 gc, windows-amd64)
# Problematic frame:
# C  [nvoglv64.dll+0x1225190]
#
# No core dump will be written. Minidumps are not enabled by default on client versions of Windows
#
# If you would like to submit a bug report, please visit:
#   https://bugreport.java.com/bugreport/crash.jsp
# The crash happened outside the Java Virtual Machine in native code.
# See problematic frame for where to report the bug.
#

---------------  S U M M A R Y ------------

Command Line: -Djava.library.path=C:\Users\Bojan\IdeaProjects\mountain-side-opengl\libs\natives -javaagent:C:\Program Files\JetBrains\IntelliJ IDEA Community Edition 2021.2.2\lib\idea_rt.jar=65428:C:\Program Files\JetBrains\IntelliJ IDEA Community Edition 2021.2.2\bin -Dfile.encoding=UTF-8 Engine_Tester.MainLoop

Host: Intel(R) Core(TM) i7-7700HQ CPU @ 2.80GHz, 8 cores, 15G,  Windows 10 , 64 bit Build 22000 (10.0.22000.120)
Time: Sat Oct  9 19:37:03 2021 Central European Daylight Time elapsed time: 6.438964 seconds (0d 0h 0m 6s)

---------------  T H R E A D  ---------------

Current thread (0x000001e32867f2c0):  JavaThread "main" [_thread_in_native, id=4092, stack(0x000000d8fa500000,0x000000d8fa600000)]

Stack: [0x000000d8fa500000,0x000000d8fa600000],  sp=0x000000d8fa5ff178,  free space=1020k
Native frames: (J=compiled Java code, j=interpreted, Vv=VM code, C=native code)
C  [nvoglv64.dll+0x1225190]

Java frames: (J=compiled Java code, j=interpreted, Vv=VM code)
j  org.lwjgl.opengl.GL11.nglDrawArrays(IIIJ)V+0
j  org.lwjgl.opengl.GL11.glDrawArrays(III)V+20
j  Sun.Sun.render(LEntities/Camera;)V+53
j  Engine_Tester.MainLoop.main([Ljava/lang/String;)V+1119
v  ~StubRoutines::call_stub

siginfo: EXCEPTION_ACCESS_VIOLATION (0xc0000005), reading address 0x0000000000000000


Register to memory mapping:

RIP=0x00007ffa07345190 nvoglv64.dll
RAX=0x0000000000000040 is an unknown value
RBX=0x00000000000002a0 is an unknown value
RCX=0x000001e3044c1808 points into unknown readable memory: 0x5fe83fc4c7bda8b4 | b4 a8 bd c7 c4 3f e8 5f
RDX=0xfffffe1cfbb3e7f8 is an unknown value
RSP=0x000000d8fa5ff178 is pointing into the stack for thread: 0x000001e32867f2c0
RBP=0x0000000000000002 is an unknown value
RSI=0x0000000000000004 is an unknown value
RDI=0x000001e3044c1808 points into unknown readable memory: 0x5fe83fc4c7bda8b4 | b4 a8 bd c7 c4 3f e8 5f
R8 =0x0000000000000040 is an unknown value
R9 =0x0000000000000004 is an unknown value
R10=0x0 is NULL
R11=0x000001e3044c1808 points into unknown readable memory: 0x5fe83fc4c7bda8b4 | b4 a8 bd c7 c4 3f e8 5f
R12=0x0 is NULL
R13=0x00007ffa06120000 nvoglv64.dll
R14=0x0000000000000001 is an unknown value
R15=0x000001e34c541f18 points into unknown readable memory: 0x0000000b00000005 | 05 00 00 00 0b 00 00 00


Registers:
RAX=0x0000000000000040, RBX=0x00000000000002a0, RCX=0x000001e3044c1808, RDX=0xfffffe1cfbb3e7f8
RSP=0x000000d8fa5ff178, RBP=0x0000000000000002, RSI=0x0000000000000004, RDI=0x000001e3044c1808
R8 =0x0000000000000040, R9 =0x0000000000000004, R10=0x0000000000000000, R11=0x000001e3044c1808
R12=0x0000000000000000, R13=0x00007ffa06120000, R14=0x0000000000000001, R15=0x000001e34c541f18
RIP=0x00007ffa07345190, EFLAGS=0x0000000000010287

Top of Stack: (sp=0x000000d8fa5ff178)
0x000000d8fa5ff178:   00007ffa06d178dc 000000d8fa5ff290
0x000000d8fa5ff188:   00007ffa3297e913 000001e34b89c4d0
0x000000d8fa5ff198:   00007ffa06b8b35b 0000000000000000
0x000000d8fa5ff1a8:   0000000000000000 0000000000000000
0x000000d8fa5ff1b8:   000000000002810b 000001e34c541f18
0x000000d8fa5ff1c8:   00007ffa06d187eb 000001e34c539080
0x000000d8fa5ff1d8:   0000000000000005 0000000000000004
0x000000d8fa5ff1e8:   00007ffa06ca49d0 000001e32867f2c0
0x000000d8fa5ff1f8:   000000d8fa5ff2f0 000001e34b89c558
0x000000d8fa5ff208:   0000000000000000 0000000000000b73
0x000000d8fa5ff218:   000001e32fe8d621 000001e34b89c558
0x000000d8fa5ff228:   000000d8fa5ff2b0 0000000000000130
0x000000d8fa5ff238:   0000000000000000 0000000700000004
0x000000d8fa5ff248:   00007ffa06c66ad0 0000000000000000
0x000000d8fa5ff258:   000000d8fa5ff270 000000d8fa5ff2d0
0x000000d8fa5ff268:   000000d8fa5ff268 0000000000000000 

Instructions: (pc=0x00007ffa07345190)
0x00007ffa07345090:   4c 8b 02 8b 4a 08 4c 89 00 89 48 08 c3 0f 1f 00
0x00007ffa073450a0:   4c 8b 02 8b 4a 08 44 0f b7 4a 0c 4c 89 00 89 48
0x00007ffa073450b0:   08 66 44 89 48 0c c3 66 0f 1f 84 00 00 00 00 00
0x00007ffa073450c0:   4c 8b 02 8b 4a 08 44 0f b7 4a 0c 44 0f b6 52 0e
0x00007ffa073450d0:   4c 89 00 89 48 08 66 44 89 48 0c 44 88 50 0e c3
0x00007ffa073450e0:   0f 10 04 11 4c 03 c1 48 83 c1 10 41 f6 c3 0f 74
0x00007ffa073450f0:   13 0f 28 c8 48 83 e1 f0 0f 10 04 11 48 83 c1 10
0x00007ffa07345100:   41 0f 11 0b 4c 2b c1 4d 8b c8 49 c1 e9 07 0f 84
0x00007ffa07345110:   88 00 00 00 0f 29 41 f0 4c 3b 0d f9 df 6c 01 76
0x00007ffa07345120:   17 e9 c2 00 00 00 66 66 0f 1f 84 00 00 00 00 00
0x00007ffa07345130:   0f 29 41 e0 0f 29 49 f0 0f 10 04 11 0f 10 4c 11
0x00007ffa07345140:   10 48 81 c1 80 00 00 00 0f 29 41 80 0f 29 49 90
0x00007ffa07345150:   0f 10 44 11 a0 0f 10 4c 11 b0 49 ff c9 0f 29 41
0x00007ffa07345160:   a0 0f 29 49 b0 0f 10 44 11 c0 0f 10 4c 11 d0 0f
0x00007ffa07345170:   29 41 c0 0f 29 49 d0 0f 10 44 11 e0 0f 10 4c 11
0x00007ffa07345180:   f0 75 ad 0f 29 41 e0 49 83 e0 7f 0f 28 c1 eb 0c
0x00007ffa07345190:   0f 10 04 11 48 83 c1 10 49 83 e8 10 4d 8b c8 49
0x00007ffa073451a0:   c1 e9 04 74 1c 66 66 66 0f 1f 84 00 00 00 00 00
0x00007ffa073451b0:   0f 11 41 f0 0f 10 04 11 48 83 c1 10 49 ff c9 75
0x00007ffa073451c0:   ef 49 83 e0 0f 74 0d 4a 8d 04 01 0f 10 4c 10 f0
0x00007ffa073451d0:   0f 11 48 f0 0f 11 41 f0 49 8b c3 c3 0f 1f 40 00
0x00007ffa073451e0:   0f 2b 41 e0 0f 2b 49 f0 0f 18 84 11 00 02 00 00
0x00007ffa073451f0:   0f 10 04 11 0f 10 4c 11 10 48 81 c1 80 00 00 00
0x00007ffa07345200:   0f 2b 41 80 0f 2b 49 90 0f 10 44 11 a0 0f 10 4c
0x00007ffa07345210:   11 b0 49 ff c9 0f 2b 41 a0 0f 2b 49 b0 0f 10 44
0x00007ffa07345220:   11 c0 0f 10 4c 11 d0 0f 18 84 11 40 02 00 00 0f
0x00007ffa07345230:   2b 41 c0 0f 2b 49 d0 0f 10 44 11 e0 0f 10 4c 11
0x00007ffa07345240:   f0 75 9d 0f ae f8 e9 38 ff ff ff 0f 1f 44 00 00
0x00007ffa07345250:   49 03 c8 0f 10 44 11 f0 48 83 e9 10 49 83 e8 10
0x00007ffa07345260:   f6 c1 0f 74 17 48 8b c1 48 83 e1 f0 0f 10 c8 0f
0x00007ffa07345270:   10 04 11 0f 11 08 4c 8b c1 4d 2b c3 4d 8b c8 49
0x00007ffa07345280:   c1 e9 07 74 68 0f 29 01 eb 0d 66 0f 1f 44 00 00 


Stack slot to memory mapping:
stack at sp + 0 slots: 0x00007ffa06d178dc nvoglv64.dll
stack at sp + 1 slots: 0x000000d8fa5ff290 is pointing into the stack for thread: 0x000001e32867f2c0
stack at sp + 2 slots: 0x00007ffa3297e913 jvm.dll
stack at sp + 3 slots: {method} {0x000001e34b89c4d8} 'glDrawArrays' '(III)V' in 'org/lwjgl/opengl/GL11'
stack at sp + 4 slots: 0x00007ffa06b8b35b nvoglv64.dll
stack at sp + 5 slots: 0x0 is NULL
stack at sp + 6 slots: 0x0 is NULL
stack at sp + 7 slots: 0x0 is NULL


---------------  P R O C E S S  ---------------

Threads class SMR info:
_java_thread_list=0x000001e34ce4e520, length=14, elements={
0x000001e32867f2c0, 0x000001e34b335410, 0x000001e34b336280, 0x000001e34b34b240,
0x000001e34b34bbf0, 0x000001e34b34c5a0, 0x000001e34b354f60, 0x000001e34b379200,
0x000001e34b37acb0, 0x000001e34b385e80, 0x000001e34bde8510, 0x000001e34bebc2f0,
0x000001e34bf19880, 0x000001e35d7e6e00
}

Java Threads: ( => current thread )
=>0x000001e32867f2c0 JavaThread "main" [_thread_in_native, id=4092, stack(0x000000d8fa500000,0x000000d8fa600000)]
  0x000001e34b335410 JavaThread "Reference Handler" daemon [_thread_blocked, id=14572, stack(0x000000d8fac00000,0x000000d8fad00000)]
  0x000001e34b336280 JavaThread "Finalizer" daemon [_thread_blocked, id=15000, stack(0x000000d8fad00000,0x000000d8fae00000)]
  0x000001e34b34b240 JavaThread "Signal Dispatcher" daemon [_thread_blocked, id=15792, stack(0x000000d8fae00000,0x000000d8faf00000)]
  0x000001e34b34bbf0 JavaThread "Attach Listener" daemon [_thread_blocked, id=15236, stack(0x000000d8faf00000,0x000000d8fb000000)]
  0x000001e34b34c5a0 JavaThread "Service Thread" daemon [_thread_blocked, id=5840, stack(0x000000d8fb000000,0x000000d8fb100000)]
  0x000001e34b354f60 JavaThread "Monitor Deflation Thread" daemon [_thread_blocked, id=21168, stack(0x000000d8fb100000,0x000000d8fb200000)]
  0x000001e34b379200 JavaThread "C2 CompilerThread0" daemon [_thread_blocked, id=24156, stack(0x000000d8fb200000,0x000000d8fb300000)]
  0x000001e34b37acb0 JavaThread "C1 CompilerThread0" daemon [_thread_blocked, id=21160, stack(0x000000d8fb300000,0x000000d8fb400000)]
  0x000001e34b385e80 JavaThread "Sweeper thread" daemon [_thread_blocked, id=23864, stack(0x000000d8fb400000,0x000000d8fb500000)]
  0x000001e34bde8510 JavaThread "Common-Cleaner" daemon [_thread_blocked, id=20188, stack(0x000000d8fb500000,0x000000d8fb600000)]
  0x000001e34bebc2f0 JavaThread "Monitor Ctrl-Break" daemon [_thread_in_native, id=22944, stack(0x000000d8fb600000,0x000000d8fb700000)]
  0x000001e34bf19880 JavaThread "Notification Thread" daemon [_thread_blocked, id=18756, stack(0x000000d8fb700000,0x000000d8fb800000)]
  0x000001e35d7e6e00 JavaThread "Java2D Disposer" daemon [_thread_blocked, id=16392, stack(0x000000d8fc000000,0x000000d8fc100000)]

Other Threads:
  0x000001e34b331420 VMThread "VM Thread" [stack: 0x000000d8fab00000,0x000000d8fac00000] [id=6240]
  0x000001e328680130 WatcherThread [stack: 0x000000d8fb800000,0x000000d8fb900000] [id=6868]
  0x000001e3286cea80 GCTaskThread "GC Thread#0" [stack: 0x000000d8fa600000,0x000000d8fa700000] [id=3268]
  0x000001e3575c5610 GCTaskThread "GC Thread#1" [stack: 0x000000d8fc100000,0x000000d8fc200000] [id=14868]
  0x000001e35734d1b0 GCTaskThread "GC Thread#2" [stack: 0x000000d8fc200000,0x000000d8fc300000] [id=13116]
  0x000001e35734d460 GCTaskThread "GC Thread#3" [stack: 0x000000d8fc300000,0x000000d8fc400000] [id=7468]
  0x000001e35735e810 GCTaskThread "GC Thread#4" [stack: 0x000000d8fc400000,0x000000d8fc500000] [id=4688]
  0x000001e35735eac0 GCTaskThread "GC Thread#5" [stack: 0x000000d8fc500000,0x000000d8fc600000] [id=12412]
  0x000001e35735efb0 GCTaskThread "GC Thread#6" [stack: 0x000000d8fc600000,0x000000d8fc700000] [id=15472]
  0x000001e35767b050 GCTaskThread "GC Thread#7" [stack: 0x000000d8fc700000,0x000000d8fc800000] [id=20924]
  0x000001e3286df810 ConcurrentGCThread "G1 Main Marker" [stack: 0x000000d8fa700000,0x000000d8fa800000] [id=2612]
  0x000001e3286e0230 ConcurrentGCThread "G1 Conc#0" [stack: 0x000000d8fa800000,0x000000d8fa900000] [id=22268]
  0x000001e3572c1870 ConcurrentGCThread "G1 Conc#1" [stack: 0x000000d8fc900000,0x000000d8fca00000] [id=11968]
  0x000001e3287590b0 ConcurrentGCThread "G1 Refine#0" [stack: 0x000000d8fa900000,0x000000d8faa00000] [id=18708]
  0x000001e328759ad0 ConcurrentGCThread "G1 Service" [stack: 0x000000d8faa00000,0x000000d8fab00000] [id=15892]

Threads with active compile tasks:

VM state: not at safepoint (normal execution)

VM Mutex/Monitor currently owned by a thread: None

Heap address: 0x0000000701a00000, size: 4070 MB, Compressed Oops mode: Zero based, Oop shift amount: 3

CDS archive(s) mapped at: [0x0000000800000000-0x0000000800bc0000-0x0000000800bc0000), size 12320768, SharedBaseAddress: 0x0000000800000000, ArchiveRelocationMode: 0.
Compressed class space mapped at: 0x0000000800c00000-0x0000000840c00000, reserved size: 1073741824
Narrow klass base: 0x0000000800000000, Narrow klass shift: 0, Narrow klass range: 0x100000000

GC Precious Log:
 CPUs: 8 total, 8 available
 Memory: 16276M
 Large Page Support: Disabled
 NUMA Support: Disabled
 Compressed Oops: Enabled (Zero based)
 Heap Region Size: 2M
 Heap Min Capacity: 8M
 Heap Initial Capacity: 256M
 Heap Max Capacity: 4070M
 Pre-touch: Disabled
 Parallel Workers: 8
 Concurrent Workers: 2
 Concurrent Refinement Workers: 8
 Periodic GC: Disabled

Heap:
 garbage-first heap   total 454656K, used 362541K [0x0000000701a00000, 0x0000000800000000)
  region size 2048K, 50 young (102400K), 1 survivors (2048K)
 Metaspace       used 4760K, committed 4928K, reserved 1056768K
  class space    used 350K, committed 448K, reserved 1048576K

Heap Regions: E=young(eden), S=young(survivor), O=old, HS=humongous(starts), HC=humongous(continues), CS=collection set, F=free, OA=open archive, CA=closed archive, TAMS=top-at-mark-start (previous, next)
|   0|0x0000000701a00000, 0x0000000701c00000, 0x0000000701c00000|100%| O|  |TAMS 0x0000000701c00000, 0x0000000701a00000| Untracked 
|   1|0x0000000701c00000, 0x0000000701e00000, 0x0000000701e00000|100%| O|  |TAMS 0x0000000701e00000, 0x0000000701c00000| Untracked 
|   2|0x0000000701e00000, 0x0000000702000000, 0x0000000702000000|100%| O|  |TAMS 0x0000000702000000, 0x0000000701e00000| Untracked 
|   3|0x0000000702000000, 0x0000000702200000, 0x0000000702200000|100%| O|  |TAMS 0x0000000702200000, 0x0000000702000000| Untracked 
|   4|0x0000000702200000, 0x0000000702400000, 0x0000000702400000|100%| O|  |TAMS 0x0000000702400000, 0x0000000702200000| Untracked 
|   5|0x0000000702400000, 0x0000000702600000, 0x0000000702600000|100%| O|  |TAMS 0x0000000702600000, 0x0000000702400000| Untracked 
|   6|0x0000000702600000, 0x0000000702800000, 0x0000000702800000|100%| O|  |TAMS 0x0000000702800000, 0x0000000702600000| Untracked 
|   7|0x0000000702800000, 0x0000000702a00000, 0x0000000702a00000|100%| O|  |TAMS 0x0000000702a00000, 0x0000000702800000| Untracked 
|   8|0x0000000702a00000, 0x0000000702c00000, 0x0000000702c00000|100%| O|  |TAMS 0x0000000702c00000, 0x0000000702a00000| Untracked 
|   9|0x0000000702c00000, 0x0000000702c08c00, 0x0000000702e00000|  1%| O|  |TAMS 0x0000000702c08c00, 0x0000000702c00000| Untracked 
|  10|0x0000000702e00000, 0x0000000702e00000, 0x0000000703000000|  0%| F|  |TAMS 0x0000000702e00000, 0x0000000702e00000| Untracked 
|  11|0x0000000703000000, 0x0000000703000000, 0x0000000703200000|  0%| F|  |TAMS 0x0000000703000000, 0x0000000703000000| Untracked 
|  12|0x0000000703200000, 0x0000000703200000, 0x0000000703400000|  0%| F|  |TAMS 0x0000000703200000, 0x0000000703200000| Untracked 
|  13|0x0000000703400000, 0x0000000703400000, 0x0000000703600000|  0%| F|  |TAMS 0x0000000703400000, 0x0000000703400000| Untracked 
|  14|0x0000000703600000, 0x0000000703800000, 0x0000000703800000|100%|HS|  |TAMS 0x0000000703800000, 0x0000000703600000| Complete 
|  15|0x0000000703800000, 0x0000000703a00000, 0x0000000703a00000|100%|HC|  |TAMS 0x0000000703a00000, 0x0000000703800000| Complete 
|  16|0x0000000703a00000, 0x0000000703c00000, 0x0000000703c00000|100%|HC|  |TAMS 0x0000000703c00000, 0x0000000703a00000| Complete 
|  17|0x0000000703c00000, 0x0000000703e00000, 0x0000000703e00000|100%|HC|  |TAMS 0x0000000703e00000, 0x0000000703c00000| Complete 
|  18|0x0000000703e00000, 0x0000000704000000, 0x0000000704000000|100%|HC|  |TAMS 0x0000000704000000, 0x0000000703e00000| Complete 
|  19|0x0000000704000000, 0x0000000704200000, 0x0000000704200000|100%|HS|  |TAMS 0x0000000704200000, 0x0000000704000000| Complete 
|  20|0x0000000704200000, 0x0000000704400000, 0x0000000704400000|100%|HC|  |TAMS 0x0000000704400000, 0x0000000704200000| Complete 
|  21|0x0000000704400000, 0x0000000704600000, 0x0000000704600000|100%|HC|  |TAMS 0x0000000704600000, 0x0000000704400000| Complete 
|  22|0x0000000704600000, 0x0000000704800000, 0x0000000704800000|100%|HC|  |TAMS 0x0000000704800000, 0x0000000704600000| Complete 
|  23|0x0000000704800000, 0x0000000704a00000, 0x0000000704a00000|100%|HC|  |TAMS 0x0000000704a00000, 0x0000000704800000| Complete 
|  24|0x0000000704a00000, 0x0000000704c00000, 0x0000000704c00000|100%|HC|  |TAMS 0x0000000704c00000, 0x0000000704a00000| Complete 
|  25|0x0000000704c00000, 0x0000000704e00000, 0x0000000704e00000|100%|HC|  |TAMS 0x0000000704e00000, 0x0000000704c00000| Complete 
|  26|0x0000000704e00000, 0x0000000705000000, 0x0000000705000000|100%|HC|  |TAMS 0x0000000705000000, 0x0000000704e00000| Complete 
|  27|0x0000000705000000, 0x0000000705200000, 0x0000000705200000|100%|HC|  |TAMS 0x0000000705200000, 0x0000000705000000| Complete 
|  28|0x0000000705200000, 0x0000000705400000, 0x0000000705400000|100%|HC|  |TAMS 0x0000000705400000, 0x0000000705200000| Complete 
|  29|0x0000000705400000, 0x0000000705600000, 0x0000000705600000|100%|HC|  |TAMS 0x0000000705600000, 0x0000000705400000| Complete 
|  30|0x0000000705600000, 0x0000000705800000, 0x0000000705800000|100%|HC|  |TAMS 0x0000000705800000, 0x0000000705600000| Complete 
|  31|0x0000000705800000, 0x0000000705a00000, 0x0000000705a00000|100%|HC|  |TAMS 0x0000000705a00000, 0x0000000705800000| Complete 
|  32|0x0000000705a00000, 0x0000000705c00000, 0x0000000705c00000|100%|HC|  |TAMS 0x0000000705c00000, 0x0000000705a00000| Complete 
|  33|0x0000000705c00000, 0x0000000705e00000, 0x0000000705e00000|100%|HC|  |TAMS 0x0000000705e00000, 0x0000000705c00000| Complete 
|  34|0x0000000705e00000, 0x0000000706000000, 0x0000000706000000|100%|HC|  |TAMS 0x0000000706000000, 0x0000000705e00000| Complete 
|  35|0x0000000706000000, 0x0000000706200000, 0x0000000706200000|100%|HC|  |TAMS 0x0000000706200000, 0x0000000706000000| Complete 
|  36|0x0000000706200000, 0x0000000706400000, 0x0000000706400000|100%|HC|  |TAMS 0x0000000706400000, 0x0000000706200000| Complete 
|  37|0x0000000706400000, 0x0000000706600000, 0x0000000706600000|100%|HC|  |TAMS 0x0000000706600000, 0x0000000706400000| Complete 
|  38|0x0000000706600000, 0x0000000706800000, 0x0000000706800000|100%|HC|  |TAMS 0x0000000706800000, 0x0000000706600000| Complete 
|  39|0x0000000706800000, 0x0000000706a00000, 0x0000000706a00000|100%|HC|  |TAMS 0x0000000706a00000, 0x0000000706800000| Complete 
|  40|0x0000000706a00000, 0x0000000706c00000, 0x0000000706c00000|100%|HC|  |TAMS 0x0000000706c00000, 0x0000000706a00000| Complete 
|  41|0x0000000706c00000, 0x0000000706e00000, 0x0000000706e00000|100%|HC|  |TAMS 0x0000000706e00000, 0x0000000706c00000| Complete 
|  42|0x0000000706e00000, 0x0000000707000000, 0x0000000707000000|100%|HC|  |TAMS 0x0000000707000000, 0x0000000706e00000| Complete 
|  43|0x0000000707000000, 0x0000000707200000, 0x0000000707200000|100%|HC|  |TAMS 0x0000000707200000, 0x0000000707000000| Complete 
|  44|0x0000000707200000, 0x0000000707400000, 0x0000000707400000|100%|HS|  |TAMS 0x0000000707400000, 0x0000000707200000| Complete 
|  45|0x0000000707400000, 0x0000000707600000, 0x0000000707600000|100%|HC|  |TAMS 0x0000000707600000, 0x0000000707400000| Complete 
|  46|0x0000000707600000, 0x0000000707800000, 0x0000000707800000|100%|HC|  |TAMS 0x0000000707800000, 0x0000000707600000| Complete 
|  47|0x0000000707800000, 0x0000000707a00000, 0x0000000707a00000|100%|HC|  |TAMS 0x0000000707a00000, 0x0000000707800000| Complete 
|  48|0x0000000707a00000, 0x0000000707c00000, 0x0000000707c00000|100%|HC|  |TAMS 0x0000000707c00000, 0x0000000707a00000| Complete 
|  49|0x0000000707c00000, 0x0000000707e00000, 0x0000000707e00000|100%|HC|  |TAMS 0x0000000707e00000, 0x0000000707c00000| Complete 
|  50|0x0000000707e00000, 0x0000000708000000, 0x0000000708000000|100%|HC|  |TAMS 0x0000000708000000, 0x0000000707e00000| Complete 
|  51|0x0000000708000000, 0x0000000708200000, 0x0000000708200000|100%|HC|  |TAMS 0x0000000708200000, 0x0000000708000000| Complete 
|  52|0x0000000708200000, 0x0000000708400000, 0x0000000708400000|100%|HC|  |TAMS 0x0000000708400000, 0x0000000708200000| Complete 
|  53|0x0000000708400000, 0x0000000708600000, 0x0000000708600000|100%|HC|  |TAMS 0x0000000708600000, 0x0000000708400000| Complete 
|  54|0x0000000708600000, 0x0000000708800000, 0x0000000708800000|100%|HC|  |TAMS 0x0000000708800000, 0x0000000708600000| Complete 
|  55|0x0000000708800000, 0x0000000708a00000, 0x0000000708a00000|100%|HC|  |TAMS 0x0000000708a00000, 0x0000000708800000| Complete 
|  56|0x0000000708a00000, 0x0000000708c00000, 0x0000000708c00000|100%|HC|  |TAMS 0x0000000708c00000, 0x0000000708a00000| Complete 
|  57|0x0000000708c00000, 0x0000000708e00000, 0x0000000708e00000|100%|HC|  |TAMS 0x0000000708e00000, 0x0000000708c00000| Complete 
|  58|0x0000000708e00000, 0x0000000709000000, 0x0000000709000000|100%|HC|  |TAMS 0x0000000709000000, 0x0000000708e00000| Complete 
|  59|0x0000000709000000, 0x0000000709200000, 0x0000000709200000|100%|HC|  |TAMS 0x0000000709200000, 0x0000000709000000| Complete 
|  60|0x0000000709200000, 0x0000000709400000, 0x0000000709400000|100%|HC|  |TAMS 0x0000000709400000, 0x0000000709200000| Complete 
|  61|0x0000000709400000, 0x0000000709600000, 0x0000000709600000|100%|HC|  |TAMS 0x0000000709600000, 0x0000000709400000| Complete 
|  62|0x0000000709600000, 0x0000000709800000, 0x0000000709800000|100%|HC|  |TAMS 0x0000000709800000, 0x0000000709600000| Complete 
|  63|0x0000000709800000, 0x0000000709a00000, 0x0000000709a00000|100%|HC|  |TAMS 0x0000000709a00000, 0x0000000709800000| Complete 
|  64|0x0000000709a00000, 0x0000000709c00000, 0x0000000709c00000|100%|HC|  |TAMS 0x0000000709c00000, 0x0000000709a00000| Complete 
|  65|0x0000000709c00000, 0x0000000709e00000, 0x0000000709e00000|100%|HC|  |TAMS 0x0000000709e00000, 0x0000000709c00000| Complete 
|  66|0x0000000709e00000, 0x000000070a000000, 0x000000070a000000|100%|HC|  |TAMS 0x000000070a000000, 0x0000000709e00000| Complete 
|  67|0x000000070a000000, 0x000000070a200000, 0x000000070a200000|100%|HC|  |TAMS 0x000000070a200000, 0x000000070a000000| Complete 
|  68|0x000000070a200000, 0x000000070a400000, 0x000000070a400000|100%|HC|  |TAMS 0x000000070a400000, 0x000000070a200000| Complete 
|  69|0x000000070a400000, 0x000000070a600000, 0x000000070a600000|100%|HS|  |TAMS 0x000000070a600000, 0x000000070a400000| Complete 
|  70|0x000000070a600000, 0x000000070a800000, 0x000000070a800000|100%|HC|  |TAMS 0x000000070a800000, 0x000000070a600000| Complete 
|  71|0x000000070a800000, 0x000000070aa00000, 0x000000070aa00000|100%|HC|  |TAMS 0x000000070aa00000, 0x000000070a800000| Complete 
|  72|0x000000070aa00000, 0x000000070ac00000, 0x000000070ac00000|100%|HC|  |TAMS 0x000000070ac00000, 0x000000070aa00000| Complete 
|  73|0x000000070ac00000, 0x000000070ae00000, 0x000000070ae00000|100%|HC|  |TAMS 0x000000070ae00000, 0x000000070ac00000| Complete 
|  74|0x000000070ae00000, 0x000000070b000000, 0x000000070b000000|100%|HC|  |TAMS 0x000000070b000000, 0x000000070ae00000| Complete 
|  75|0x000000070b000000, 0x000000070b200000, 0x000000070b200000|100%|HC|  |TAMS 0x000000070b200000, 0x000000070b000000| Complete 
|  76|0x000000070b200000, 0x000000070b400000, 0x000000070b400000|100%|HC|  |TAMS 0x000000070b400000, 0x000000070b200000| Complete 
|  77|0x000000070b400000, 0x000000070b600000, 0x000000070b600000|100%|HC|  |TAMS 0x000000070b600000, 0x000000070b400000| Complete 
|  78|0x000000070b600000, 0x000000070b800000, 0x000000070b800000|100%|HC|  |TAMS 0x000000070b800000, 0x000000070b600000| Complete 
|  79|0x000000070b800000, 0x000000070ba00000, 0x000000070ba00000|100%|HC|  |TAMS 0x000000070ba00000, 0x000000070b800000| Complete 
|  80|0x000000070ba00000, 0x000000070bc00000, 0x000000070bc00000|100%|HC|  |TAMS 0x000000070bc00000, 0x000000070ba00000| Complete 
|  81|0x000000070bc00000, 0x000000070be00000, 0x000000070be00000|100%|HC|  |TAMS 0x000000070be00000, 0x000000070bc00000| Complete 
|  82|0x000000070be00000, 0x000000070c000000, 0x000000070c000000|100%|HC|  |TAMS 0x000000070c000000, 0x000000070be00000| Complete 
|  83|0x000000070c000000, 0x000000070c200000, 0x000000070c200000|100%|HC|  |TAMS 0x000000070c200000, 0x000000070c000000| Complete 
|  84|0x000000070c200000, 0x000000070c400000, 0x000000070c400000|100%|HC|  |TAMS 0x000000070c400000, 0x000000070c200000| Complete 
|  85|0x000000070c400000, 0x000000070c600000, 0x000000070c600000|100%|HC|  |TAMS 0x000000070c600000, 0x000000070c400000| Complete 
|  86|0x000000070c600000, 0x000000070c800000, 0x000000070c800000|100%|HS|  |TAMS 0x000000070c800000, 0x000000070c600000| Complete 
|  87|0x000000070c800000, 0x000000070ca00000, 0x000000070ca00000|100%|HC|  |TAMS 0x000000070ca00000, 0x000000070c800000| Complete 
|  88|0x000000070ca00000, 0x000000070cc00000, 0x000000070cc00000|100%|HC|  |TAMS 0x000000070cc00000, 0x000000070ca00000| Complete 
|  89|0x000000070cc00000, 0x000000070ce00000, 0x000000070ce00000|100%|HC|  |TAMS 0x000000070ce00000, 0x000000070cc00000| Complete 
|  90|0x000000070ce00000, 0x000000070d000000, 0x000000070d000000|100%|HC|  |TAMS 0x000000070d000000, 0x000000070ce00000| Complete 
|  91|0x000000070d000000, 0x000000070d200000, 0x000000070d200000|100%|HC|  |TAMS 0x000000070d200000, 0x000000070d000000| Complete 
|  92|0x000000070d200000, 0x000000070d400000, 0x000000070d400000|100%|HC|  |TAMS 0x000000070d400000, 0x000000070d200000| Complete 
|  93|0x000000070d400000, 0x000000070d600000, 0x000000070d600000|100%|HC|  |TAMS 0x000000070d600000, 0x000000070d400000| Complete 
|  94|0x000000070d600000, 0x000000070d800000, 0x000000070d800000|100%|HC|  |TAMS 0x000000070d800000, 0x000000070d600000| Complete 
|  95|0x000000070d800000, 0x000000070da00000, 0x000000070da00000|100%|HC|  |TAMS 0x000000070da00000, 0x000000070d800000| Complete 
|  96|0x000000070da00000, 0x000000070dc00000, 0x000000070dc00000|100%|HC|  |TAMS 0x000000070dc00000, 0x000000070da00000| Complete 
|  97|0x000000070dc00000, 0x000000070de00000, 0x000000070de00000|100%|HC|  |TAMS 0x000000070de00000, 0x000000070dc00000| Complete 
|  98|0x000000070de00000, 0x000000070e000000, 0x000000070e000000|100%|HC|  |TAMS 0x000000070e000000, 0x000000070de00000| Complete 
|  99|0x000000070e000000, 0x000000070e200000, 0x000000070e200000|100%|HC|  |TAMS 0x000000070e200000, 0x000000070e000000| Complete 
| 100|0x000000070e200000, 0x000000070e400000, 0x000000070e400000|100%|HC|  |TAMS 0x000000070e400000, 0x000000070e200000| Complete 
| 101|0x000000070e400000, 0x000000070e600000, 0x000000070e600000|100%|HC|  |TAMS 0x000000070e600000, 0x000000070e400000| Complete 
| 102|0x000000070e600000, 0x000000070e800000, 0x000000070e800000|100%|HC|  |TAMS 0x000000070e800000, 0x000000070e600000| Complete 
| 103|0x000000070e800000, 0x000000070ea00000, 0x000000070ea00000|100%|HC|  |TAMS 0x000000070ea00000, 0x000000070e800000| Complete 
| 104|0x000000070ea00000, 0x000000070ec00000, 0x000000070ec00000|100%|HC|  |TAMS 0x000000070ec00000, 0x000000070ea00000| Complete 
| 105|0x000000070ec00000, 0x000000070ee00000, 0x000000070ee00000|100%|HC|  |TAMS 0x000000070ee00000, 0x000000070ec00000| Complete 
| 106|0x000000070ee00000, 0x000000070f000000, 0x000000070f000000|100%|HC|  |TAMS 0x000000070f000000, 0x000000070ee00000| Complete 
| 107|0x000000070f000000, 0x000000070f200000, 0x000000070f200000|100%|HC|  |TAMS 0x000000070f200000, 0x000000070f000000| Complete 
| 108|0x000000070f200000, 0x000000070f400000, 0x000000070f400000|100%|HC|  |TAMS 0x000000070f400000, 0x000000070f200000| Complete 
| 109|0x000000070f400000, 0x000000070f600000, 0x000000070f600000|100%|HC|  |TAMS 0x000000070f600000, 0x000000070f400000| Complete 
| 110|0x000000070f600000, 0x000000070f800000, 0x000000070f800000|100%|HC|  |TAMS 0x000000070f800000, 0x000000070f600000| Complete 
| 111|0x000000070f800000, 0x000000070fa00000, 0x000000070fa00000|100%|HC|  |TAMS 0x000000070fa00000, 0x000000070f800000| Complete 
| 112|0x000000070fa00000, 0x000000070fc00000, 0x000000070fc00000|100%|HC|  |TAMS 0x000000070fc00000, 0x000000070fa00000| Complete 
| 113|0x000000070fc00000, 0x000000070fe00000, 0x000000070fe00000|100%|HC|  |TAMS 0x000000070fe00000, 0x000000070fc00000| Complete 
| 114|0x000000070fe00000, 0x0000000710000000, 0x0000000710000000|100%|HC|  |TAMS 0x0000000710000000, 0x000000070fe00000| Complete 
| 115|0x0000000710000000, 0x0000000710200000, 0x0000000710200000|100%|HC|  |TAMS 0x0000000710200000, 0x0000000710000000| Complete 
| 116|0x0000000710200000, 0x0000000710400000, 0x0000000710400000|100%|HC|  |TAMS 0x0000000710400000, 0x0000000710200000| Complete 
| 117|0x0000000710400000, 0x0000000710600000, 0x0000000710600000|100%|HC|  |TAMS 0x0000000710600000, 0x0000000710400000| Complete 
| 118|0x0000000710600000, 0x0000000710800000, 0x0000000710800000|100%|HC|  |TAMS 0x0000000710800000, 0x0000000710600000| Complete 
| 119|0x0000000710800000, 0x0000000710a00000, 0x0000000710a00000|100%|HC|  |TAMS 0x0000000710a00000, 0x0000000710800000| Complete 
| 120|0x0000000710a00000, 0x0000000710c00000, 0x0000000710c00000|100%|HC|  |TAMS 0x0000000710c00000, 0x0000000710a00000| Complete 
| 121|0x0000000710c00000, 0x0000000710e00000, 0x0000000710e00000|100%|HC|  |TAMS 0x0000000710e00000, 0x0000000710c00000| Complete 
| 122|0x0000000710e00000, 0x0000000711000000, 0x0000000711000000|100%|HC|  |TAMS 0x0000000711000000, 0x0000000710e00000| Complete 
| 123|0x0000000711000000, 0x0000000711200000, 0x0000000711200000|100%|HC|  |TAMS 0x0000000711200000, 0x0000000711000000| Complete 
| 124|0x0000000711200000, 0x0000000711400000, 0x0000000711400000|100%|HC|  |TAMS 0x0000000711400000, 0x0000000711200000| Complete 
| 125|0x0000000711400000, 0x0000000711600000, 0x0000000711600000|100%|HC|  |TAMS 0x0000000711600000, 0x0000000711400000| Complete 
| 126|0x0000000711600000, 0x0000000711800000, 0x0000000711800000|100%|HC|  |TAMS 0x0000000711800000, 0x0000000711600000| Complete 
| 127|0x0000000711800000, 0x0000000711a00000, 0x0000000711a00000|100%|HC|  |TAMS 0x0000000711a00000, 0x0000000711800000| Complete 
| 128|0x0000000711a00000, 0x0000000711c00000, 0x0000000711c00000|100%|HC|  |TAMS 0x0000000711c00000, 0x0000000711a00000| Complete 
| 129|0x0000000711c00000, 0x0000000711e00000, 0x0000000711e00000|100%|HC|  |TAMS 0x0000000711e00000, 0x0000000711c00000| Complete 
| 130|0x0000000711e00000, 0x0000000712000000, 0x0000000712000000|100%|HC|  |TAMS 0x0000000712000000, 0x0000000711e00000| Complete 
| 131|0x0000000712000000, 0x0000000712200000, 0x0000000712200000|100%|HC|  |TAMS 0x0000000712200000, 0x0000000712000000| Complete 
| 132|0x0000000712200000, 0x0000000712400000, 0x0000000712400000|100%|HC|  |TAMS 0x0000000712400000, 0x0000000712200000| Complete 
| 133|0x0000000712400000, 0x0000000712600000, 0x0000000712600000|100%|HC|  |TAMS 0x0000000712600000, 0x0000000712400000| Complete 
| 134|0x0000000712600000, 0x0000000712600000, 0x0000000712800000|  0%| F|  |TAMS 0x0000000712600000, 0x0000000712600000| Untracked 
| 135|0x0000000712800000, 0x0000000712800000, 0x0000000712a00000|  0%| F|  |TAMS 0x0000000712800000, 0x0000000712800000| Untracked 
| 136|0x0000000712a00000, 0x0000000712a00000, 0x0000000712c00000|  0%| F|  |TAMS 0x0000000712a00000, 0x0000000712a00000| Untracked 
| 137|0x0000000712c00000, 0x0000000712c00000, 0x0000000712e00000|  0%| F|  |TAMS 0x0000000712c00000, 0x0000000712c00000| Untracked 
| 138|0x0000000712e00000, 0x0000000712e00000, 0x0000000713000000|  0%| F|  |TAMS 0x0000000712e00000, 0x0000000712e00000| Untracked 
| 139|0x0000000713000000, 0x0000000713000000, 0x0000000713200000|  0%| F|  |TAMS 0x0000000713000000, 0x0000000713000000| Untracked 
| 140|0x0000000713200000, 0x0000000713200000, 0x0000000713400000|  0%| F|  |TAMS 0x0000000713200000, 0x0000000713200000| Untracked 
| 141|0x0000000713400000, 0x0000000713400000, 0x0000000713600000|  0%| F|  |TAMS 0x0000000713400000, 0x0000000713400000| Untracked 
| 142|0x0000000713600000, 0x0000000713600000, 0x0000000713800000|  0%| F|  |TAMS 0x0000000713600000, 0x0000000713600000| Untracked 
| 143|0x0000000713800000, 0x0000000713800000, 0x0000000713a00000|  0%| F|  |TAMS 0x0000000713800000, 0x0000000713800000| Untracked 
| 144|0x0000000713a00000, 0x0000000713a00000, 0x0000000713c00000|  0%| F|  |TAMS 0x0000000713a00000, 0x0000000713a00000| Untracked 
| 145|0x0000000713c00000, 0x0000000713c00000, 0x0000000713e00000|  0%| F|  |TAMS 0x0000000713c00000, 0x0000000713c00000| Untracked 
| 146|0x0000000713e00000, 0x0000000713e00000, 0x0000000714000000|  0%| F|  |TAMS 0x0000000713e00000, 0x0000000713e00000| Untracked 
| 147|0x0000000714000000, 0x0000000714000000, 0x0000000714200000|  0%| F|  |TAMS 0x0000000714000000, 0x0000000714000000| Untracked 
| 148|0x0000000714200000, 0x0000000714200000, 0x0000000714400000|  0%| F|  |TAMS 0x0000000714200000, 0x0000000714200000| Untracked 
| 149|0x0000000714400000, 0x0000000714400000, 0x0000000714600000|  0%| F|  |TAMS 0x0000000714400000, 0x0000000714400000| Untracked 
| 150|0x0000000714600000, 0x0000000714600000, 0x0000000714800000|  0%| F|  |TAMS 0x0000000714600000, 0x0000000714600000| Untracked 
| 151|0x0000000714800000, 0x0000000714800000, 0x0000000714a00000|  0%| F|  |TAMS 0x0000000714800000, 0x0000000714800000| Untracked 
| 152|0x0000000714a00000, 0x0000000714a00000, 0x0000000714c00000|  0%| F|  |TAMS 0x0000000714a00000, 0x0000000714a00000| Untracked 
| 153|0x0000000714c00000, 0x0000000714c00000, 0x0000000714e00000|  0%| F|  |TAMS 0x0000000714c00000, 0x0000000714c00000| Untracked 
| 154|0x0000000714e00000, 0x0000000714e00000, 0x0000000715000000|  0%| F|  |TAMS 0x0000000714e00000, 0x0000000714e00000| Untracked 
| 155|0x0000000715000000, 0x0000000715000000, 0x0000000715200000|  0%| F|  |TAMS 0x0000000715000000, 0x0000000715000000| Untracked 
| 156|0x0000000715200000, 0x0000000715202850, 0x0000000715400000|  0%| S|CS|TAMS 0x0000000715200000, 0x0000000715200000| Complete 
| 157|0x0000000715400000, 0x0000000715400000, 0x0000000715600000|  0%| F|  |TAMS 0x0000000715400000, 0x0000000715400000| Untracked 
| 158|0x0000000715600000, 0x0000000715600000, 0x0000000715800000|  0%| F|  |TAMS 0x0000000715600000, 0x0000000715600000| Untracked 
| 159|0x0000000715800000, 0x0000000715800000, 0x0000000715a00000|  0%| F|  |TAMS 0x0000000715800000, 0x0000000715800000| Untracked 
| 160|0x0000000715a00000, 0x0000000715a00000, 0x0000000715c00000|  0%| F|  |TAMS 0x0000000715a00000, 0x0000000715a00000| Untracked 
| 161|0x0000000715c00000, 0x0000000715c00000, 0x0000000715e00000|  0%| F|  |TAMS 0x0000000715c00000, 0x0000000715c00000| Untracked 
| 162|0x0000000715e00000, 0x0000000715e00000, 0x0000000716000000|  0%| F|  |TAMS 0x0000000715e00000, 0x0000000715e00000| Untracked 
| 163|0x0000000716000000, 0x0000000716000000, 0x0000000716200000|  0%| F|  |TAMS 0x0000000716000000, 0x0000000716000000| Untracked 
| 164|0x0000000716200000, 0x0000000716200000, 0x0000000716400000|  0%| F|  |TAMS 0x0000000716200000, 0x0000000716200000| Untracked 
| 165|0x0000000716400000, 0x0000000716400000, 0x0000000716600000|  0%| F|  |TAMS 0x0000000716400000, 0x0000000716400000| Untracked 
| 166|0x0000000716600000, 0x0000000716600000, 0x0000000716800000|  0%| F|  |TAMS 0x0000000716600000, 0x0000000716600000| Untracked 
| 167|0x0000000716800000, 0x0000000716800000, 0x0000000716a00000|  0%| F|  |TAMS 0x0000000716800000, 0x0000000716800000| Untracked 
| 168|0x0000000716a00000, 0x0000000716a00000, 0x0000000716c00000|  0%| F|  |TAMS 0x0000000716a00000, 0x0000000716a00000| Untracked 
| 169|0x0000000716c00000, 0x0000000716c00000, 0x0000000716e00000|  0%| F|  |TAMS 0x0000000716c00000, 0x0000000716c00000| Untracked 
| 170|0x0000000716e00000, 0x0000000716e00000, 0x0000000717000000|  0%| F|  |TAMS 0x0000000716e00000, 0x0000000716e00000| Untracked 
| 171|0x0000000717000000, 0x0000000717000000, 0x0000000717200000|  0%| F|  |TAMS 0x0000000717000000, 0x0000000717000000| Untracked 
| 172|0x0000000717200000, 0x0000000717200000, 0x0000000717400000|  0%| F|  |TAMS 0x0000000717200000, 0x0000000717200000| Untracked 
| 173|0x0000000717400000, 0x0000000717600000, 0x0000000717600000|100%| E|  |TAMS 0x0000000717400000, 0x0000000717400000| Complete 
| 174|0x0000000717600000, 0x0000000717800000, 0x0000000717800000|100%| E|CS|TAMS 0x0000000717600000, 0x0000000717600000| Complete 
| 175|0x0000000717800000, 0x0000000717a00000, 0x0000000717a00000|100%| E|CS|TAMS 0x0000000717800000, 0x0000000717800000| Complete 
| 176|0x0000000717a00000, 0x0000000717c00000, 0x0000000717c00000|100%| E|CS|TAMS 0x0000000717a00000, 0x0000000717a00000| Complete 
| 177|0x0000000717c00000, 0x0000000717e00000, 0x0000000717e00000|100%| E|CS|TAMS 0x0000000717c00000, 0x0000000717c00000| Complete 
| 178|0x0000000717e00000, 0x0000000718000000, 0x0000000718000000|100%| E|CS|TAMS 0x0000000717e00000, 0x0000000717e00000| Complete 
| 179|0x0000000718000000, 0x0000000718200000, 0x0000000718200000|100%| E|CS|TAMS 0x0000000718000000, 0x0000000718000000| Complete 
| 180|0x0000000718200000, 0x0000000718400000, 0x0000000718400000|100%| E|CS|TAMS 0x0000000718200000, 0x0000000718200000| Complete 
| 181|0x0000000718400000, 0x0000000718600000, 0x0000000718600000|100%| E|CS|TAMS 0x0000000718400000, 0x0000000718400000| Complete 
| 182|0x0000000718600000, 0x0000000718800000, 0x0000000718800000|100%| E|CS|TAMS 0x0000000718600000, 0x0000000718600000| Complete 
| 183|0x0000000718800000, 0x0000000718a00000, 0x0000000718a00000|100%| E|CS|TAMS 0x0000000718800000, 0x0000000718800000| Complete 
| 184|0x0000000718a00000, 0x0000000718c00000, 0x0000000718c00000|100%| E|CS|TAMS 0x0000000718a00000, 0x0000000718a00000| Complete 
| 185|0x0000000718c00000, 0x0000000718e00000, 0x0000000718e00000|100%| E|CS|TAMS 0x0000000718c00000, 0x0000000718c00000| Complete 
| 186|0x0000000718e00000, 0x0000000719000000, 0x0000000719000000|100%| E|CS|TAMS 0x0000000718e00000, 0x0000000718e00000| Complete 
| 187|0x0000000719000000, 0x0000000719200000, 0x0000000719200000|100%| E|CS|TAMS 0x0000000719000000, 0x0000000719000000| Complete 
| 188|0x0000000719200000, 0x0000000719400000, 0x0000000719400000|100%| E|CS|TAMS 0x0000000719200000, 0x0000000719200000| Complete 
| 189|0x0000000719400000, 0x0000000719600000, 0x0000000719600000|100%| E|CS|TAMS 0x0000000719400000, 0x0000000719400000| Complete 
| 190|0x0000000719600000, 0x0000000719800000, 0x0000000719800000|100%| E|CS|TAMS 0x0000000719600000, 0x0000000719600000| Complete 
| 191|0x0000000719800000, 0x0000000719a00000, 0x0000000719a00000|100%| E|CS|TAMS 0x0000000719800000, 0x0000000719800000| Complete 
| 192|0x0000000719a00000, 0x0000000719c00000, 0x0000000719c00000|100%| E|CS|TAMS 0x0000000719a00000, 0x0000000719a00000| Complete 
| 193|0x0000000719c00000, 0x0000000719e00000, 0x0000000719e00000|100%| E|CS|TAMS 0x0000000719c00000, 0x0000000719c00000| Complete 
| 194|0x0000000719e00000, 0x000000071a000000, 0x000000071a000000|100%| E|CS|TAMS 0x0000000719e00000, 0x0000000719e00000| Complete 
| 195|0x000000071a000000, 0x000000071a200000, 0x000000071a200000|100%| E|CS|TAMS 0x000000071a000000, 0x000000071a000000| Complete 
| 196|0x000000071a200000, 0x000000071a400000, 0x000000071a400000|100%| E|CS|TAMS 0x000000071a200000, 0x000000071a200000| Complete 
| 197|0x000000071a400000, 0x000000071a600000, 0x000000071a600000|100%| E|CS|TAMS 0x000000071a400000, 0x000000071a400000| Complete 
| 198|0x000000071a600000, 0x000000071a800000, 0x000000071a800000|100%| E|CS|TAMS 0x000000071a600000, 0x000000071a600000| Complete 
| 199|0x000000071a800000, 0x000000071aa00000, 0x000000071aa00000|100%| E|CS|TAMS 0x000000071a800000, 0x000000071a800000| Complete 
| 200|0x000000071aa00000, 0x000000071ac00000, 0x000000071ac00000|100%| E|CS|TAMS 0x000000071aa00000, 0x000000071aa00000| Complete 
| 201|0x000000071ac00000, 0x000000071ae00000, 0x000000071ae00000|100%| E|CS|TAMS 0x000000071ac00000, 0x000000071ac00000| Complete 
| 202|0x000000071ae00000, 0x000000071b000000, 0x000000071b000000|100%| E|CS|TAMS 0x000000071ae00000, 0x000000071ae00000| Complete 
| 203|0x000000071b000000, 0x000000071b200000, 0x000000071b200000|100%| E|CS|TAMS 0x000000071b000000, 0x000000071b000000| Complete 
| 204|0x000000071b200000, 0x000000071b400000, 0x000000071b400000|100%| E|CS|TAMS 0x000000071b200000, 0x000000071b200000| Complete 
| 205|0x000000071b400000, 0x000000071b600000, 0x000000071b600000|100%| E|CS|TAMS 0x000000071b400000, 0x000000071b400000| Complete 
| 206|0x000000071b600000, 0x000000071b800000, 0x000000071b800000|100%| E|CS|TAMS 0x000000071b600000, 0x000000071b600000| Complete 
| 207|0x000000071b800000, 0x000000071ba00000, 0x000000071ba00000|100%| E|CS|TAMS 0x000000071b800000, 0x000000071b800000| Complete 
| 208|0x000000071ba00000, 0x000000071bc00000, 0x000000071bc00000|100%| E|CS|TAMS 0x000000071ba00000, 0x000000071ba00000| Complete 
| 209|0x000000071bc00000, 0x000000071be00000, 0x000000071be00000|100%| E|CS|TAMS 0x000000071bc00000, 0x000000071bc00000| Complete 
| 210|0x000000071be00000, 0x000000071c000000, 0x000000071c000000|100%| E|CS|TAMS 0x000000071be00000, 0x000000071be00000| Complete 
| 211|0x000000071c000000, 0x000000071c200000, 0x000000071c200000|100%| E|CS|TAMS 0x000000071c000000, 0x000000071c000000| Complete 
| 212|0x000000071c200000, 0x000000071c400000, 0x000000071c400000|100%| E|CS|TAMS 0x000000071c200000, 0x000000071c200000| Complete 
| 213|0x000000071c400000, 0x000000071c600000, 0x000000071c600000|100%| E|CS|TAMS 0x000000071c400000, 0x000000071c400000| Complete 
| 214|0x000000071c600000, 0x000000071c800000, 0x000000071c800000|100%| E|CS|TAMS 0x000000071c600000, 0x000000071c600000| Complete 
| 215|0x000000071c800000, 0x000000071ca00000, 0x000000071ca00000|100%| E|CS|TAMS 0x000000071c800000, 0x000000071c800000| Complete 
| 216|0x000000071ca00000, 0x000000071cc00000, 0x000000071cc00000|100%| E|CS|TAMS 0x000000071ca00000, 0x000000071ca00000| Complete 
| 217|0x000000071cc00000, 0x000000071ce00000, 0x000000071ce00000|100%| E|CS|TAMS 0x000000071cc00000, 0x000000071cc00000| Complete 
| 218|0x000000071ce00000, 0x000000071d000000, 0x000000071d000000|100%| E|CS|TAMS 0x000000071ce00000, 0x000000071ce00000| Complete 
| 219|0x000000071d000000, 0x000000071d200000, 0x000000071d200000|100%| E|CS|TAMS 0x000000071d000000, 0x000000071d000000| Complete 
| 220|0x000000071d200000, 0x000000071d400000, 0x000000071d400000|100%| E|CS|TAMS 0x000000071d200000, 0x000000071d200000| Complete 
| 221|0x000000071d400000, 0x000000071d600000, 0x000000071d600000|100%| E|CS|TAMS 0x000000071d400000, 0x000000071d400000| Complete 

Card table byte_map: [0x000001e33f9b0000,0x000001e3401b0000] _byte_map_base: 0x000001e33c1a3000

Marking Bits (Prev, Next): (CMBitMap*) 0x000001e3286cf090, (CMBitMap*) 0x000001e3286cf0d0
 Prev Bits: [0x000001e3409b0000, 0x000001e344948000)
 Next Bits: [0x000001e344950000, 0x000001e3488e8000)

Polling page: 0x000001e3265e0000

Metaspace:

Usage:
  Non-class:      4.31 MB used.
      Class:    350.89 KB used.
       Both:      4.65 MB used.

Virtual space:
  Non-class space:        8.00 MB reserved,       4.38 MB ( 55%) committed,  1 nodes.
      Class space:        1.00 GB reserved,     448.00 KB ( <1%) committed,  1 nodes.
             Both:        1.01 GB reserved,       4.81 MB ( <1%) committed. 

Chunk freelists:
   Non-Class:  2.34 MB
       Class:  3.61 MB
        Both:  5.95 MB

MaxMetaspaceSize: unlimited
CompressedClassSpaceSize: 1.00 GB
Initial GC threshold: 21.00 MB
Current GC threshold: 21.00 MB
CDS: on
MetaspaceReclaimPolicy: balanced
 - commit_granule_bytes: 65536.
 - commit_granule_words: 8192.
 - virtual_space_node_default_size: 1048576.
 - enlarge_chunks_in_place: 1.
 - new_chunks_are_fully_committed: 0.
 - uncommit_free_chunks: 1.
 - use_allocation_guard: 0.
 - handle_deallocations: 1.


Internal statistics:

num_allocs_failed_limit: 0.
num_arena_births: 72.
num_arena_deaths: 0.
num_vsnodes_births: 2.
num_vsnodes_deaths: 0.
num_space_committed: 75.
num_space_uncommitted: 0.
num_chunks_returned_to_freelist: 0.
num_chunks_taken_from_freelist: 139.
num_chunk_merges: 0.
num_chunk_splits: 100.
num_chunks_enlarged: 70.
num_purges: 0.
num_inconsistent_stats: 0.

CodeHeap 'non-profiled nmethods': size=120000Kb used=765Kb max_used=765Kb free=119234Kb
 bounds [0x000001e337950000, 0x000001e337bc0000, 0x000001e33ee80000]
CodeHeap 'profiled nmethods': size=120000Kb used=1743Kb max_used=1743Kb free=118256Kb
 bounds [0x000001e330420000, 0x000001e330690000, 0x000001e337950000]
CodeHeap 'non-nmethods': size=5760Kb used=1250Kb max_used=1298Kb free=4509Kb
 bounds [0x000001e32fe80000, 0x000001e3300f0000, 0x000001e330420000]
 total_blobs=1649 nmethods=1081 adapters=481
 compilation: enabled
              stopped_count=0, restarted_count=0
 full_count=0

Compilation events (20 events):
Event: 6.427 Thread 0x000001e34b37acb0 nmethod 1064 0x000001e3305d1290 code [0x000001e3305d1440, 0x000001e3305d1768]
Event: 6.428 Thread 0x000001e34b37acb0 1053       1       org.lwjgl.util.vector.Vector3f::getX (5 bytes)
Event: 6.428 Thread 0x000001e34b37acb0 nmethod 1053 0x000001e337a09c90 code [0x000001e337a09e20, 0x000001e337a09ef8]
Event: 6.428 Thread 0x000001e34b37acb0 1054       1       org.lwjgl.util.vector.Vector3f::getZ (5 bytes)
Event: 6.428 Thread 0x000001e34b37acb0 nmethod 1054 0x000001e337a09f90 code [0x000001e337a0a120, 0x000001e337a0a1f8]
Event: 6.428 Thread 0x000001e34b37acb0 1067       1       java.nio.DirectFloatBufferU::isDirect (2 bytes)
Event: 6.428 Thread 0x000001e34b37acb0 nmethod 1067 0x000001e337a0a290 code [0x000001e337a0a420, 0x000001e337a0a4f8]
Event: 6.428 Thread 0x000001e34b37acb0 1069       1       Entities.Entity::getPosition (5 bytes)
Event: 6.428 Thread 0x000001e34b37acb0 nmethod 1069 0x000001e337a0a590 code [0x000001e337a0a720, 0x000001e337a0a7f8]
Event: 6.428 Thread 0x000001e34b37acb0 1070       1       Entities.Entity::getRy (5 bytes)
Event: 6.428 Thread 0x000001e34b37acb0 nmethod 1070 0x000001e337a0a890 code [0x000001e337a0aa20, 0x000001e337a0aaf8]
Event: 6.428 Thread 0x000001e34b37acb0 1074       1       Models.RawModel::getVertexCount (5 bytes)
Event: 6.428 Thread 0x000001e34b37acb0 nmethod 1074 0x000001e337a0ab90 code [0x000001e337a0ad20, 0x000001e337a0adf8]
Event: 6.428 Thread 0x000001e34b37acb0 1071       1       Entities.Entity::getRx (5 bytes)
Event: 6.428 Thread 0x000001e34b37acb0 nmethod 1071 0x000001e337a0ae90 code [0x000001e337a0b020, 0x000001e337a0b0f8]
Event: 6.428 Thread 0x000001e34b37acb0 1077       3       java.lang.Math::toRadians (6 bytes)
Event: 6.428 Thread 0x000001e34b37acb0 nmethod 1077 0x000001e3305d1910 code [0x000001e3305d1ac0, 0x000001e3305d1bb8]
Event: 6.428 Thread 0x000001e34b37acb0 1078       3       org.lwjgl.util.vector.Matrix4f::rotate (563 bytes)
Event: 6.429 Thread 0x000001e34b37acb0 nmethod 1078 0x000001e3305d1c90 code [0x000001e3305d1e80, 0x000001e3305d2608]
Event: 6.429 Thread 0x000001e34b37acb0 1079       3       org.lwjgl.util.vector.Matrix4f::setIdentity (5 bytes)

GC Heap History (20 events):
Event: 2.506 GC heap before
{Heap before GC invocations=0 (full 0):
 garbage-first heap   total 262144K, used 67584K [0x0000000701a00000, 0x0000000800000000)
  region size 2048K, 11 young (22528K), 0 survivors (0K)
 Metaspace       used 3072K, committed 3200K, reserved 1056768K
  class space    used 197K, committed 256K, reserved 1048576K
}
Event: 2.509 GC heap after
{Heap after GC invocations=1 (full 0):
 garbage-first heap   total 262144K, used 2645K [0x0000000701a00000, 0x0000000800000000)
  region size 2048K, 2 young (4096K), 2 survivors (4096K)
 Metaspace       used 3072K, committed 3200K, reserved 1056768K
  class space    used 197K, committed 256K, reserved 1048576K
}
Event: 4.334 GC heap before
{Heap before GC invocations=1 (full 0):
 garbage-first heap   total 262144K, used 88661K [0x0000000701a00000, 0x0000000800000000)
  region size 2048K, 20 young (40960K), 2 survivors (4096K)
 Metaspace       used 3098K, committed 3264K, reserved 1056768K
  class space    used 197K, committed 256K, reserved 1048576K
}
Event: 4.338 GC heap after
{Heap after GC invocations=2 (full 0):
 garbage-first heap   total 262144K, used 3848K [0x0000000701a00000, 0x0000000800000000)
  region size 2048K, 2 young (4096K), 2 survivors (4096K)
 Metaspace       used 3098K, committed 3264K, reserved 1056768K
  class space    used 197K, committed 256K, reserved 1048576K
}
Event: 5.102 GC heap before
{Heap before GC invocations=2 (full 0):
 garbage-first heap   total 262144K, used 116488K [0x0000000701a00000, 0x0000000800000000)
  region size 2048K, 14 young (28672K), 2 survivors (4096K)
 Metaspace       used 4317K, committed 4480K, reserved 1056768K
  class space    used 317K, committed 384K, reserved 1048576K
}
Event: 5.106 GC heap after
{Heap after GC invocations=3 (full 0):
 garbage-first heap   total 262144K, used 81188K [0x0000000701a00000, 0x0000000800000000)
  region size 2048K, 10 young (20480K), 10 survivors (20480K)
 Metaspace       used 4317K, committed 4480K, reserved 1056768K
  class space    used 317K, committed 384K, reserved 1048576K
}
Event: 5.130 GC heap before
{Heap before GC invocations=3 (full 0):
 garbage-first heap   total 262144K, used 132388K [0x0000000701a00000, 0x0000000800000000)
  region size 2048K, 10 young (20480K), 10 survivors (20480K)
 Metaspace       used 4317K, committed 4480K, reserved 1056768K
  class space    used 317K, committed 384K, reserved 1048576K
}
Event: 5.133 GC heap after
{Heap after GC invocations=4 (full 0):
 garbage-first heap   total 262144K, used 131107K [0x0000000701a00000, 0x0000000800000000)
  region size 2048K, 0 young (0K), 0 survivors (0K)
 Metaspace       used 4317K, committed 4480K, reserved 1056768K
  class space    used 317K, committed 384K, reserved 1048576K
}
Event: 5.234 GC heap before
{Heap before GC invocations=5 (full 0):
 garbage-first heap   total 280576K, used 270371K [0x0000000701a00000, 0x0000000800000000)
  region size 2048K, 4 young (8192K), 0 survivors (0K)
 Metaspace       used 4318K, committed 4480K, reserved 1056768K
  class space    used 317K, committed 384K, reserved 1048576K
}
Event: 5.234 GC heap after
{Heap after GC invocations=6 (full 0):
 garbage-first heap   total 280576K, used 264832K [0x0000000701a00000, 0x0000000800000000)
  region size 2048K, 1 young (2048K), 1 survivors (2048K)
 Metaspace       used 4318K, committed 4480K, reserved 1056768K
  class space    used 317K, committed 384K, reserved 1048576K
}
Event: 5.250 GC heap before
{Heap before GC invocations=6 (full 0):
 garbage-first heap   total 280576K, used 270976K [0x0000000701a00000, 0x0000000800000000)
  region size 2048K, 5 young (10240K), 1 survivors (2048K)
 Metaspace       used 4321K, committed 4480K, reserved 1056768K
  class space    used 317K, committed 384K, reserved 1048576K
}
Event: 5.250 GC heap after
{Heap after GC invocations=7 (full 0):
 garbage-first heap   total 280576K, used 264317K [0x0000000701a00000, 0x0000000800000000)
  region size 2048K, 1 young (2048K), 1 survivors (2048K)
 Metaspace       used 4321K, committed 4480K, reserved 1056768K
  class space    used 317K, committed 384K, reserved 1048576K
}
Event: 5.270 GC heap before
{Heap before GC invocations=8 (full 0):
 garbage-first heap   total 450560K, used 274557K [0x0000000701a00000, 0x0000000800000000)
  region size 2048K, 6 young (12288K), 1 survivors (2048K)
 Metaspace       used 4321K, committed 4480K, reserved 1056768K
  class space    used 317K, committed 384K, reserved 1048576K
}
Event: 5.270 GC heap after
{Heap after GC invocations=9 (full 0):
 garbage-first heap   total 450560K, used 264255K [0x0000000701a00000, 0x0000000800000000)
  region size 2048K, 1 young (2048K), 1 survivors (2048K)
 Metaspace       used 4321K, committed 4480K, reserved 1056768K
  class space    used 317K, committed 384K, reserved 1048576K
}
Event: 5.438 GC heap before
{Heap before GC invocations=9 (full 0):
 garbage-first heap   total 450560K, used 389183K [0x0000000701a00000, 0x0000000800000000)
  region size 2048K, 62 young (126976K), 1 survivors (2048K)
 Metaspace       used 4321K, committed 4480K, reserved 1056768K
  class space    used 317K, committed 384K, reserved 1048576K
}
Event: 5.439 GC heap after
{Heap after GC invocations=10 (full 0):
 garbage-first heap   total 450560K, used 264237K [0x0000000701a00000, 0x0000000800000000)
  region size 2048K, 1 young (2048K), 1 survivors (2048K)
 Metaspace       used 4321K, committed 4480K, reserved 1056768K
  class space    used 317K, committed 384K, reserved 1048576K
}
Event: 5.563 GC heap before
{Heap before GC invocations=11 (full 0):
 garbage-first heap   total 454656K, used 391213K [0x0000000701a00000, 0x0000000800000000)
  region size 2048K, 63 young (129024K), 1 survivors (2048K)
 Metaspace       used 4321K, committed 4480K, reserved 1056768K
  class space    used 317K, committed 384K, reserved 1048576K
}
Event: 5.564 GC heap after
{Heap after GC invocations=12 (full 0):
 garbage-first heap   total 454656K, used 264237K [0x0000000701a00000, 0x0000000800000000)
  region size 2048K, 1 young (2048K), 1 survivors (2048K)
 Metaspace       used 4321K, committed 4480K, reserved 1056768K
  class space    used 317K, committed 384K, reserved 1048576K
}
Event: 5.689 GC heap before
{Heap before GC invocations=12 (full 0):
 garbage-first heap   total 454656K, used 395309K [0x0000000701a00000, 0x0000000800000000)
  region size 2048K, 65 young (133120K), 1 survivors (2048K)
 Metaspace       used 4321K, committed 4480K, reserved 1056768K
  class space    used 317K, committed 384K, reserved 1048576K
}
Event: 5.690 GC heap after
{Heap after GC invocations=13 (full 0):
 garbage-first heap   total 454656K, used 264237K [0x0000000701a00000, 0x0000000800000000)
  region size 2048K, 1 young (2048K), 1 survivors (2048K)
 Metaspace       used 4321K, committed 4480K, reserved 1056768K
  class space    used 317K, committed 384K, reserved 1048576K
}

Deoptimization events (20 events):
Event: 6.198 Thread 0x000001e32867f2c0 DEOPT PACKING pc=0x000001e3305c2361 sp=0x000000d8fa5ff0b0
Event: 6.198 Thread 0x000001e32867f2c0 DEOPT UNPACKING pc=0x000001e32fed2b43 sp=0x000000d8fa5fe540 mode 0
Event: 6.198 Thread 0x000001e32867f2c0 DEOPT PACKING pc=0x000001e3305c2361 sp=0x000000d8fa5ff0b0
Event: 6.198 Thread 0x000001e32867f2c0 DEOPT UNPACKING pc=0x000001e32fed2b43 sp=0x000000d8fa5fe540 mode 0
Event: 6.198 Thread 0x000001e32867f2c0 DEOPT PACKING pc=0x000001e3305c2361 sp=0x000000d8fa5ff0b0
Event: 6.198 Thread 0x000001e32867f2c0 DEOPT UNPACKING pc=0x000001e32fed2b43 sp=0x000000d8fa5fe540 mode 0
Event: 6.198 Thread 0x000001e32867f2c0 DEOPT PACKING pc=0x000001e3305c2361 sp=0x000000d8fa5ff0b0
Event: 6.198 Thread 0x000001e32867f2c0 DEOPT UNPACKING pc=0x000001e32fed2b43 sp=0x000000d8fa5fe540 mode 0
Event: 6.377 Thread 0x000001e32867f2c0 Uncommon trap: trap_request=0xffffff45 fr.pc=0x000001e337989894 relative=0x00000000000001f4
Event: 6.377 Thread 0x000001e32867f2c0 Uncommon trap: reason=unstable_if action=reinterpret pc=0x000001e337989894 method=jdk.internal.misc.Unsafe.copyMemory(Ljava/lang/Object;JLjava/lang/Object;JJ)V @ 16 c2
Event: 6.377 Thread 0x000001e32867f2c0 DEOPT PACKING pc=0x000001e337989894 sp=0x000000d8fa5fed50
Event: 6.377 Thread 0x000001e32867f2c0 DEOPT UNPACKING pc=0x000001e32fed23a3 sp=0x000000d8fa5fed18 mode 2
Event: 6.424 Thread 0x000001e32867f2c0 Uncommon trap: trap_request=0xffffff3d fr.pc=0x000001e3379a37ac relative=0x000000000000108c
Event: 6.424 Thread 0x000001e32867f2c0 Uncommon trap: reason=unstable_fused_if action=reinterpret pc=0x000001e3379a37ac method=jdk.internal.math.FloatingDecimal$ASCIIToBinaryBuffer.floatValue()F @ 95 c2
Event: 6.424 Thread 0x000001e32867f2c0 DEOPT PACKING pc=0x000001e3379a37ac sp=0x000000d8fa5ff270
Event: 6.424 Thread 0x000001e32867f2c0 DEOPT UNPACKING pc=0x000001e32fed23a3 sp=0x000000d8fa5ff1a8 mode 2
Event: 6.424 Thread 0x000001e32867f2c0 Uncommon trap: trap_request=0xffffff45 fr.pc=0x000001e33799a48c relative=0x000000000000008c
Event: 6.424 Thread 0x000001e32867f2c0 Uncommon trap: reason=unstable_if action=reinterpret pc=0x000001e33799a48c method=org.lwjgl.util.vector.Vector3f.add(Lorg/lwjgl/util/vector/Vector3f;Lorg/lwjgl/util/vector/Vector3f;Lorg/lwjgl/util/vector/Vector3f;)Lorg/lwjgl/util/vector/Vector3f; @ 1 c2
Event: 6.424 Thread 0x000001e32867f2c0 DEOPT PACKING pc=0x000001e33799a48c sp=0x000000d8fa5ff220
Event: 6.424 Thread 0x000001e32867f2c0 DEOPT UNPACKING pc=0x000001e32fed23a3 sp=0x000000d8fa5ff1d0 mode 2

Classes unloaded (0 events):
No events

Classes redefined (0 events):
No events

Internal exceptions (5 events):
Event: 0.103 Thread 0x000001e34bebc2f0 Exception <a 'java/lang/NoSuchMethodError'{0x0000000711675978}: 'java.lang.Object java.lang.invoke.DirectMethodHandle$Holder.invokeStaticInit(java.lang.Object)'> (0x0000000711675978) 
thrown [t:\workspace\open\src\hotspot\share\interpreter\linkResolver.cpp, line 766]
Event: 0.111 Thread 0x000001e34bebc2f0 Exception <a 'java/lang/NoSuchMethodError'{0x0000000711683730}: 'void java.lang.invoke.DirectMethodHandle$Holder.invokeStatic(java.lang.Object, java.lang.Object)'> (0x0000000711683730) 
thrown [t:\workspace\open\src\hotspot\share\interpreter\linkResolver.cpp, line 766]
Event: 4.847 Thread 0x000001e32867f2c0 Exception <a 'java/lang/ClassNotFoundException'{0x0000000711530758}: sun/awt/resources/spi/awtProvider> (0x0000000711530758) 
thrown [t:\workspace\open\src\hotspot\share\classfile\systemDictionary.cpp, line 256]
Event: 4.857 Thread 0x000001e32867f2c0 Exception <a 'java/io/FileNotFoundException'{0x0000000711569cd8}> (0x0000000711569cd8) 
thrown [t:\workspace\open\src\hotspot\share\prims\jni.cpp, line 516]
Event: 4.863 Thread 0x000001e32867f2c0 Exception <a 'java/io/FileNotFoundException'{0x0000000711596bd0}> (0x0000000711596bd0) 
thrown [t:\workspace\open\src\hotspot\share\prims\jni.cpp, line 516]

VM Operations (20 events):
Event: 5.254 Executing VM operation: G1Concurrent
Event: 5.255 Executing VM operation: G1Concurrent done
Event: 5.257 Executing VM operation: G1Concurrent
Event: 5.257 Executing VM operation: G1Concurrent done
Event: 5.270 Executing VM operation: G1CollectForAllocation
Event: 5.270 Executing VM operation: G1CollectForAllocation done
Event: 5.438 Executing VM operation: G1CollectForAllocation
Event: 5.439 Executing VM operation: G1CollectForAllocation done
Event: 5.442 Executing VM operation: G1Concurrent
Event: 5.443 Executing VM operation: G1Concurrent done
Event: 5.444 Executing VM operation: G1Concurrent
Event: 5.444 Executing VM operation: G1Concurrent done
Event: 5.563 Executing VM operation: G1CollectForAllocation
Event: 5.564 Executing VM operation: G1CollectForAllocation done
Event: 5.689 Executing VM operation: G1CollectForAllocation
Event: 5.690 Executing VM operation: G1CollectForAllocation done
Event: 5.693 Executing VM operation: G1Concurrent
Event: 5.694 Executing VM operation: G1Concurrent done
Event: 5.695 Executing VM operation: G1Concurrent
Event: 5.695 Executing VM operation: G1Concurrent done

Events (20 events):
Event: 4.887 loading class java/awt/image/BufferedImage$1
Event: 4.887 loading class java/awt/image/BufferedImage$1 done
Event: 4.887 loading class sun/awt/image/ByteComponentRaster
Event: 4.887 loading class sun/awt/image/ByteComponentRaster done
Event: 4.887 loading class com/sun/imageio/plugins/common/ReaderUtil
Event: 4.887 loading class com/sun/imageio/plugins/common/ReaderUtil done
Event: 4.887 loading class sun/awt/image/ByteInterleavedRaster
Event: 4.887 loading class sun/awt/image/ByteInterleavedRaster done
Event: 5.031 Thread 0x000001e35746e690 Thread added: 0x000001e35746e690
Event: 5.187 Thread 0x000001e35746e690 Thread exited: 0x000001e35746e690
Event: 5.237 Thread 0x000001e3574e6f50 Thread added: 0x000001e3574e6f50
Event: 5.237 Thread 0x000001e357a62db0 Thread added: 0x000001e357a62db0
Event: 5.780 Thread 0x000001e357a62db0 Thread exited: 0x000001e357a62db0
Event: 5.780 Thread 0x000001e3574e6f50 Thread exited: 0x000001e3574e6f50
Event: 6.033 loading class java/lang/StrictMath
Event: 6.033 loading class java/lang/StrictMath done
Event: 6.066 loading class java/lang/NoSuchFieldError
Event: 6.066 loading class java/lang/NoSuchFieldError done
Event: 6.426 loading class java/lang/Math$RandomNumberGeneratorHolder
Event: 6.426 loading class java/lang/Math$RandomNumberGeneratorHolder done


Dynamic libraries:
0x00007ff667310000 - 0x00007ff66731e000 	C:\Users\Bojan\.jdks\openjdk-17\bin\java.exe
0x00007ffa980a0000 - 0x00007ffa982a7000 	C:\WINDOWS\SYSTEM32\ntdll.dll
0x00007ffa97610000 - 0x00007ffa976cd000 	C:\WINDOWS\System32\KERNEL32.DLL
0x00007ffa95710000 - 0x00007ffa95a84000 	C:\WINDOWS\System32\KERNELBASE.dll
0x00007ffa95a90000 - 0x00007ffa95ba1000 	C:\WINDOWS\System32\ucrtbase.dll
0x00007ffa91de0000 - 0x00007ffa91dfa000 	C:\Users\Bojan\.jdks\openjdk-17\bin\VCRUNTIME140.dll
0x00007ffa91e00000 - 0x00007ffa91e18000 	C:\Users\Bojan\.jdks\openjdk-17\bin\jli.dll
0x00007ffa96960000 - 0x00007ffa96b0c000 	C:\WINDOWS\System32\USER32.dll
0x00007ffa80bb0000 - 0x00007ffa80e55000 	C:\WINDOWS\WinSxS\amd64_microsoft.windows.common-controls_6595b64144ccf1df_6.0.22000.120_none_9d947278b86cc467\COMCTL32.dll
0x00007ffa95640000 - 0x00007ffa95666000 	C:\WINDOWS\System32\win32u.dll
0x00007ffa97ee0000 - 0x00007ffa97f83000 	C:\WINDOWS\System32\msvcrt.dll
0x00007ffa96b20000 - 0x00007ffa96b49000 	C:\WINDOWS\System32\GDI32.dll
0x00007ffa95e10000 - 0x00007ffa95f22000 	C:\WINDOWS\System32\gdi32full.dll
0x00007ffa95670000 - 0x00007ffa9570d000 	C:\WINDOWS\System32\msvcp_win.dll
0x00007ffa96050000 - 0x00007ffa96081000 	C:\WINDOWS\System32\IMM32.DLL
0x00007ffa91dd0000 - 0x00007ffa91ddc000 	C:\Users\Bojan\.jdks\openjdk-17\bin\vcruntime140_1.dll
0x00007ffa8fe20000 - 0x00007ffa8fead000 	C:\Users\Bojan\.jdks\openjdk-17\bin\msvcp140.dll
0x00007ffa32600000 - 0x00007ffa331be000 	C:\Users\Bojan\.jdks\openjdk-17\bin\server\jvm.dll
0x00007ffa97300000 - 0x00007ffa973ac000 	C:\WINDOWS\System32\ADVAPI32.dll
0x00007ffa97c30000 - 0x00007ffa97ccd000 	C:\WINDOWS\System32\sechost.dll
0x00007ffa97780000 - 0x00007ffa978a1000 	C:\WINDOWS\System32\RPCRT4.dll
0x00007ffa96b10000 - 0x00007ffa96b18000 	C:\WINDOWS\System32\PSAPI.DLL
0x00007ffa6e7a0000 - 0x00007ffa6e7a9000 	C:\WINDOWS\SYSTEM32\WSOCK32.dll
0x00007ffa96390000 - 0x00007ffa963ff000 	C:\WINDOWS\System32\WS2_32.dll
0x00007ffa8fb40000 - 0x00007ffa8fb73000 	C:\WINDOWS\SYSTEM32\WINMM.dll
0x00007ffa8e260000 - 0x00007ffa8e26a000 	C:\WINDOWS\SYSTEM32\VERSION.dll
0x00007ffa947a0000 - 0x00007ffa947b8000 	C:\WINDOWS\SYSTEM32\kernel.appcore.dll
0x00007ffa91dc0000 - 0x00007ffa91dca000 	C:\Users\Bojan\.jdks\openjdk-17\bin\jimage.dll
0x00007ffa7ec50000 - 0x00007ffa7ee71000 	C:\WINDOWS\SYSTEM32\DBGHELP.DLL
0x00007ffa84150000 - 0x00007ffa84181000 	C:\WINDOWS\SYSTEM32\dbgcore.DLL
0x00007ffa95c20000 - 0x00007ffa95ca0000 	C:\WINDOWS\System32\bcryptPrimitives.dll
0x00007ffa90f10000 - 0x00007ffa90f1e000 	C:\Users\Bojan\.jdks\openjdk-17\bin\instrument.dll
0x00007ffa91d90000 - 0x00007ffa91db5000 	C:\Users\Bojan\.jdks\openjdk-17\bin\java.dll
0x00007ffa8fd40000 - 0x00007ffa8fe16000 	C:\Users\Bojan\.jdks\openjdk-17\bin\svml.dll
0x00007ffa96b50000 - 0x00007ffa972f9000 	C:\WINDOWS\System32\SHELL32.dll
0x00007ffa93740000 - 0x00007ffa93fa2000 	C:\WINDOWS\SYSTEM32\windows.storage.dll
0x00007ffa978b0000 - 0x00007ffa97c28000 	C:\WINDOWS\System32\combase.dll
0x00007ffa935d0000 - 0x00007ffa93736000 	C:\WINDOWS\SYSTEM32\wintypes.dll
0x00007ffa97430000 - 0x00007ffa9751a000 	C:\WINDOWS\System32\SHCORE.dll
0x00007ffa96170000 - 0x00007ffa961cd000 	C:\WINDOWS\System32\shlwapi.dll
0x00007ffa954b0000 - 0x00007ffa954d1000 	C:\WINDOWS\SYSTEM32\profapi.dll
0x00007ffa8e370000 - 0x00007ffa8e388000 	C:\Users\Bojan\.jdks\openjdk-17\bin\zip.dll
0x00007ffa90610000 - 0x00007ffa90629000 	C:\Users\Bojan\.jdks\openjdk-17\bin\net.dll
0x00007ffa8f0b0000 - 0x00007ffa8f1bc000 	C:\WINDOWS\SYSTEM32\WINHTTP.dll
0x00007ffa94bb0000 - 0x00007ffa94c17000 	C:\WINDOWS\system32\mswsock.dll
0x00007ffa905a0000 - 0x00007ffa905b5000 	C:\Users\Bojan\.jdks\openjdk-17\bin\nio.dll
0x00007ffa7e080000 - 0x00007ffa7e09a000 	C:\Program Files\JetBrains\IntelliJ IDEA Community Edition 2021.2.2\bin\breakgen64.dll
0x00007ffa8fd30000 - 0x00007ffa8fd40000 	C:\Users\Bojan\.jdks\openjdk-17\bin\verify.dll
0x0000000180000000 - 0x0000000180053000 	C:\Users\Bojan\IdeaProjects\mountain-side-opengl\libs\natives\lwjgl64.dll
0x00007ffa75820000 - 0x00007ffa75921000 	C:\WINDOWS\SYSTEM32\OPENGL32.dll
0x00007ffa75a90000 - 0x00007ffa75abd000 	C:\WINDOWS\SYSTEM32\GLU32.dll
0x00007ffa92f00000 - 0x00007ffa92f38000 	C:\WINDOWS\SYSTEM32\dxcore.dll
0x00007ffa90670000 - 0x00007ffa90729000 	C:\WINDOWS\SYSTEM32\mscms.dll
0x00007ffa94f70000 - 0x00007ffa94f97000 	C:\WINDOWS\SYSTEM32\bcrypt.dll
0x00007ffa95280000 - 0x00007ffa952cc000 	C:\WINDOWS\SYSTEM32\cfgmgr32.dll
0x00007ffa92c50000 - 0x00007ffa92cfc000 	C:\WINDOWS\system32\uxtheme.dll
0x00007ffa95f30000 - 0x00007ffa9604e000 	C:\WINDOWS\System32\MSCTF.dll
0x00007ffa8e2b0000 - 0x00007ffa8e2f4000 	C:\WINDOWS\SYSTEM32\directxdatabasehelper.dll
0x00007ffa92f80000 - 0x00007ffa92fb4000 	C:\WINDOWS\SYSTEM32\ntmarta.dll
0x00007ffa97f90000 - 0x00007ffa9803f000 	C:\WINDOWS\System32\clbcatq.dll
0x00007ffa06120000 - 0x00007ffa08c40000 	C:\WINDOWS\System32\DriverStore\FileRepository\nvlti.inf_amd64_e1024528c12c42af\nvoglv64.dll
0x00007ffa964f0000 - 0x00007ffa9695b000 	C:\WINDOWS\System32\SETUPAPI.dll
0x00007ffa97cd0000 - 0x00007ffa97e6a000 	C:\WINDOWS\System32\ole32.dll
0x00007ffa97520000 - 0x00007ffa975f6000 	C:\WINDOWS\System32\OLEAUT32.dll
0x00007ffa8f880000 - 0x00007ffa8f894000 	C:\WINDOWS\SYSTEM32\WTSAPI32.dll
0x00007ffa94e50000 - 0x00007ffa94e62000 	C:\WINDOWS\SYSTEM32\msasn1.dll
0x00007ffa8e1e0000 - 0x00007ffa8e211000 	C:\WINDOWS\SYSTEM32\cryptnet.dll
0x00007ffa95ca0000 - 0x00007ffa95e02000 	C:\WINDOWS\System32\CRYPT32.dll
0x00007ffa85940000 - 0x00007ffa85a89000 	C:\WINDOWS\SYSTEM32\drvstore.dll
0x00007ffa95250000 - 0x00007ffa9527c000 	C:\WINDOWS\SYSTEM32\devobj.dll
0x00007ffa94ec0000 - 0x00007ffa94efd000 	C:\WINDOWS\SYSTEM32\wldp.dll
0x00007ffa94df0000 - 0x00007ffa94dfc000 	C:\WINDOWS\SYSTEM32\cryptbase.dll
0x00007ffa95bb0000 - 0x00007ffa95c16000 	C:\WINDOWS\System32\WINTRUST.dll
0x00007ffa61020000 - 0x00007ffa612e3000 	C:\WINDOWS\system32\nvspcap64.dll
0x00007ffa930c0000 - 0x00007ffa930ef000 	C:\WINDOWS\SYSTEM32\dwmapi.dll
0x00007ffa93fc0000 - 0x00007ffa9400d000 	C:\WINDOWS\SYSTEM32\powrprof.dll
0x00007ffa940b0000 - 0x00007ffa940c3000 	C:\WINDOWS\SYSTEM32\UMPDC.dll
0x00007ffa94260000 - 0x00007ffa942c3000 	C:\WINDOWS\SYSTEM32\WINSTA.dll
0x00007ffa775b0000 - 0x00007ffa776dd000 	C:\WINDOWS\SYSTEM32\textinputframework.dll
0x00007ffa92870000 - 0x00007ffa929a2000 	C:\WINDOWS\SYSTEM32\CoreMessaging.dll
0x00007ffa8d980000 - 0x00007ffa8dced000 	C:\WINDOWS\SYSTEM32\CoreUIComponents.dll
0x00007ffa6fd80000 - 0x00007ffa6fdc4000 	C:\WINDOWS\SYSTEM32\icm32.dll
0x00007ffa92dc0000 - 0x00007ffa92eb3000 	C:\WINDOWS\system32\dxgi.dll
0x00007ffa8d230000 - 0x00007ffa8d4b0000 	C:\WINDOWS\system32\d3d11.dll
0x00007ffa6bca0000 - 0x00007ffa6bda6000 	C:\WINDOWS\System32\DriverStore\FileRepository\nvlti.inf_amd64_e1024528c12c42af\nvldumdx.dll
0x00007ffa976d0000 - 0x00007ffa976ef000 	C:\WINDOWS\System32\imagehlp.dll
0x00007ffa94e00000 - 0x00007ffa94e18000 	C:\WINDOWS\SYSTEM32\CRYPTSP.dll
0x00007ffa94700000 - 0x00007ffa94735000 	C:\WINDOWS\system32\rsaenh.dll
0x00007ffa53e60000 - 0x00007ffa58866000 	C:\WINDOWS\System32\DriverStore\FileRepository\nvlti.inf_amd64_e1024528c12c42af\nvwgf2umx.dll
0x00007ffa846f0000 - 0x00007ffa84e09000 	C:\WINDOWS\SYSTEM32\nvapi64.dll
0x00007ffa89980000 - 0x00007ffa8b2b7000 	C:\WINDOWS\System32\DriverStore\FileRepository\82_lenovo_kabylake_hws_iigd_dch.inf_amd64_465e9044b572dd24\igd10iumd64.dll
0x00007ffa94f40000 - 0x00007ffa94f68000 	C:\WINDOWS\SYSTEM32\ncrypt.dll
0x00007ffa94f00000 - 0x00007ffa94f37000 	C:\WINDOWS\SYSTEM32\NTASN1.dll
0x00007ffa895b0000 - 0x00007ffa89972000 	C:\WINDOWS\System32\DriverStore\FileRepository\82_lenovo_kabylake_hws_iigd_dch.inf_amd64_465e9044b572dd24\igdgmm64.dll
0x00007ffa86100000 - 0x00007ffa8931c000 	C:\WINDOWS\System32\DriverStore\FileRepository\82_lenovo_kabylake_hws_iigd_dch.inf_amd64_465e9044b572dd24\igc64.dll
0x00007ffa29030000 - 0x00007ffa291be000 	C:\Users\Bojan\.jdks\openjdk-17\bin\awt.dll
0x00007ffa92b60000 - 0x00007ffa92bf1000 	C:\WINDOWS\SYSTEM32\apphelp.dll

dbghelp: loaded successfully - version: 4.0.5 - missing functions: none
symbol engine: initialized successfully - sym options: 0x614 - pdb path: .;C:\Users\Bojan\.jdks\openjdk-17\bin;C:\WINDOWS\SYSTEM32;C:\WINDOWS\WinSxS\amd64_microsoft.windows.common-controls_6595b64144ccf1df_6.0.22000.120_none_9d947278b86cc467;C:\Users\Bojan\.jdks\openjdk-17\bin\server;C:\Program Files\JetBrains\IntelliJ IDEA Community Edition 2021.2.2\bin;C:\Users\Bojan\IdeaProjects\mountain-side-opengl\libs\natives;C:\WINDOWS\System32\DriverStore\FileRepository\nvlti.inf_amd64_e1024528c12c42af;C:\WINDOWS\System32\DriverStore\FileRepository\82_lenovo_kabylake_hws_iigd_dch.inf_amd64_465e9044b572dd24

VM Arguments:
jvm_args: -Djava.library.path=C:\Users\Bojan\IdeaProjects\mountain-side-opengl\libs\natives -javaagent:C:\Program Files\JetBrains\IntelliJ IDEA Community Edition 2021.2.2\lib\idea_rt.jar=65428:C:\Program Files\JetBrains\IntelliJ IDEA Community Edition 2021.2.2\bin -Dfile.encoding=UTF-8 
java_command: Engine_Tester.MainLoop
java_class_path (initial): C:\Users\Bojan\IdeaProjects\mountain-side-opengl\out\production\mountain-side-opengl;C:\Users\Bojan\IdeaProjects\mountain-side-opengl\libs\jars\lwjgl.jar;C:\Users\Bojan\IdeaProjects\mountain-side-opengl\libs\jars\lwjgl_util.jar;C:\Users\Bojan\IdeaProjects\mountain-side-opengl\libs\jars\PNGDecoder.jar;C:\Users\Bojan\IdeaProjects\mountain-side-opengl\libs\jars\slick-util.jar
Launcher Type: SUN_STANDARD

[Global flags]
     intx CICompilerCount                          = 4                                         {product} {ergonomic}
     uint ConcGCThreads                            = 2                                         {product} {ergonomic}
     uint G1ConcRefinementThreads                  = 8                                         {product} {ergonomic}
   size_t G1HeapRegionSize                         = 2097152                                   {product} {ergonomic}
    uintx GCDrainStackTargetSize                   = 64                                        {product} {ergonomic}
   size_t InitialHeapSize                          = 268435456                                 {product} {ergonomic}
   size_t MarkStackSize                            = 4194304                                   {product} {ergonomic}
   size_t MaxHeapSize                              = 4267704320                                {product} {ergonomic}
   size_t MaxNewSize                               = 2560622592                                {product} {ergonomic}
   size_t MinHeapDeltaBytes                        = 2097152                                   {product} {ergonomic}
   size_t MinHeapSize                              = 8388608                                   {product} {ergonomic}
    uintx NonNMethodCodeHeapSize                   = 5839372                                {pd product} {ergonomic}
    uintx NonProfiledCodeHeapSize                  = 122909434                              {pd product} {ergonomic}
    uintx ProfiledCodeHeapSize                     = 122909434                              {pd product} {ergonomic}
    uintx ReservedCodeCacheSize                    = 251658240                              {pd product} {ergonomic}
     bool SegmentedCodeCache                       = true                                      {product} {ergonomic}
   size_t SoftMaxHeapSize                          = 4267704320                             {manageable} {ergonomic}
     bool UseCompressedClassPointers               = true                           {product lp64_product} {ergonomic}
     bool UseCompressedOops                        = true                           {product lp64_product} {ergonomic}
     bool UseG1GC                                  = true                                      {product} {ergonomic}
     bool UseLargePagesIndividualAllocation        = false                                  {pd product} {ergonomic}

Logging:
Log output configuration:
 #0: stdout all=warning uptime,level,tags
 #1: stderr all=off uptime,level,tags

Environment Variables:
PATH=C:\Program Files (x86)\Razer Chroma SDK\bin;C:\Program Files\Razer Chroma SDK\bin;C:\Program Files (x86)\Common Files\Oracle\Java\javapath;C:\Program Files (x86)\Razer\ChromaBroadcast\bin;C:\Program Files\Razer\ChromaBroadcast\bin;C:\WINDOWS\system32;C:\WINDOWS;C:\WINDOWS\System32\Wbem;C:\WINDOWS\System32\WindowsPowerShell\v1.0\;C:\WINDOWS\System32\OpenSSH\;C:\Program Files\dotnet\;C:\Program Files (x86)\QuickTime\QTSystem\;C:\Program Files\NVIDIA Corporation\NVIDIA NvDLISR;C:\Program Files (x86)\NVIDIA Corporation\PhysX\Common;C:\WINDOWS\system32\config\systemprofile\AppData\Local\Microsoft\WindowsApps;C:\Program Files\Git\cmd;C:\Users\Bojan\AppData\Local\Microsoft\WindowsApps;C:\Users\Bojan\.dotnet\tools;C:\ffmpeg\bin;
USERNAME=Bojan
OS=Windows_NT
PROCESSOR_IDENTIFIER=Intel64 Family 6 Model 158 Stepping 9, GenuineIntel



---------------  S Y S T E M  ---------------

OS:
 Windows 10 , 64 bit Build 22000 (10.0.22000.120)
OS uptime: 0 days 10:35 hours

CPU: total 8 (initial active 8) (4 cores per cpu, 2 threads per core) family 6 model 158 stepping 9 microcode 0xde, cx8, cmov, fxsr, ht, mmx, 3dnowpref, sse, sse2, sse3, ssse3, sse4.1, sse4.2, popcnt, lzcnt, tsc, tscinvbit, avx, avx2, aes, erms, clmul, bmi1, bmi2, adx, fma, vzeroupper, clflush, clflushopt

Memory: 4k page, system-wide physical 16276M (6309M free)
TotalPageFile size 18708M (AvailPageFile size 2570M)
current process WorkingSet (physical memory assigned to process): 899M, peak: 1042M
current process commit charge ("private bytes"): 2015M, peak: 2016M

vm_info: OpenJDK 64-Bit Server VM (17+35-2724) for windows-amd64 JRE (17+35-2724), built on Aug  5 2021 23:26:02 by "mach5one" with MS VC++ 16.8 (VS2019)

END.
